#
# There is insufficient memory for the Java Runtime Environment to continue.
# Native memory allocation (mmap) failed to map 102760448 bytes for committing reserved memory.
# Possible reasons:
#   The system is out of physical RAM or swap space
#   In 32 bit mode, the process size limit was hit
# Possible solutions:
#   Reduce memory load on the system
#   Increase physical memory or swap space
#   Check if swap backing store is full
#   Use 64 bit Java on a 64 bit OS
#   Decrease Java heap size (-Xmx/-Xms)
#   Decrease number of Java threads
#   Decrease Java thread stack sizes (-Xss)
#   Set larger code cache with -XX:ReservedCodeCacheSize=
# This output file may be truncated or incomplete.
#
#  Out of Memory Error (os_linux.cpp:2630), pid=17168, tid=140416598406912
#
# JRE version: OpenJDK Runtime Environment (8.0_91-b14) (build 1.8.0_91-8u91-b14-0ubuntu4~14.04-b14)
# Java VM: OpenJDK 64-Bit Server VM (25.91-b14 mixed mode linux-amd64 compressed oops)
# Failed to write com.supernova.core dump. Core dumps have been disabled. To enable com.supernova.core dumping, try "ulimit -c unlimited" before starting Java again
#

---------------  T H R E A D  ---------------

Current thread (0x00007fb55c07a000):  VMThread [stack: 0x00007fb54967f000,0x00007fb549780000] [id=17176]

Stack: [0x00007fb54967f000,0x00007fb549780000],  sp=0x00007fb54977e480,  free space=1021k
Native frames: (J=compiled Java code, j=interpreted, Vv=VM code, C=native code)
V  [libjvm.so+0x9f573d]
V  [libjvm.so+0x4bc3da]
V  [libjvm.so+0x85b0a0]
V  [libjvm.so+0x855b9f]
V  [libjvm.so+0x8cb83b]
V  [libjvm.so+0x8cc4f0]
V  [libjvm.so+0x8cc80b]
V  [libjvm.so+0x8c8f1c]
V  [libjvm.so+0x8c96f8]
V  [libjvm.so+0x87e0d3]
V  [libjvm.so+0x9f7204]
V  [libjvm.so+0x9fb5b7]
V  [libjvm.so+0x9fa078]
V  [libjvm.so+0x9fa4f9]
V  [libjvm.so+0x9fa942]
V  [libjvm.so+0x8584a2]

VM_Operation (0x00007fb562957640): ParallelGCFailedAllocation, mode: safepoint, requested by thread 0x00007fb55c00c800


---------------  P R O C E S S  ---------------

Java Threads: ( => current thread )
  0x00007fb55c373000 JavaThread "Monitor Ctrl-Break" daemon [_thread_in_native, id=17185, stack(0x00007fb5482a1000,0x00007fb5483a2000)]
  0x00007fb55c0bc000 JavaThread "Service Thread" daemon [_thread_blocked, id=17183, stack(0x00007fb548896000,0x00007fb548997000)]
  0x00007fb55c0b4800 JavaThread "C1 CompilerThread2" daemon [_thread_blocked, id=17182, stack(0x00007fb548997000,0x00007fb548a98000)]
  0x00007fb55c0b2800 JavaThread "C2 CompilerThread1" daemon [_thread_blocked, id=17181, stack(0x00007fb548a98000,0x00007fb548b99000)]
  0x00007fb55c0af800 JavaThread "C2 CompilerThread0" daemon [_thread_blocked, id=17180, stack(0x00007fb548b99000,0x00007fb548c9a000)]
  0x00007fb55c0ad800 JavaThread "Signal Dispatcher" daemon [_thread_blocked, id=17179, stack(0x00007fb548c9a000,0x00007fb548d9b000)]
  0x00007fb55c086800 JavaThread "Finalizer" daemon [_thread_blocked, id=17178, stack(0x00007fb54947d000,0x00007fb54957e000)]
  0x00007fb55c082000 JavaThread "Reference Handler" daemon [_thread_blocked, id=17177, stack(0x00007fb54957e000,0x00007fb54967f000)]
  0x00007fb55c00c800 JavaThread "main" [_thread_blocked, id=17171, stack(0x00007fb562859000,0x00007fb56295a000)]

Other Threads:
=>0x00007fb55c07a000 VMThread [stack: 0x00007fb54967f000,0x00007fb549780000] [id=17176]
  0x00007fb55c0be800 WatcherThread [stack: 0x00007fb548795000,0x00007fb548896000] [id=17184]

VM state:at safepoint (normal execution)

VM Mutex/Monitor currently owned by a thread:  ([mutex/lock_event])
[0x00007fb55c008f60] Threads_lock - owner thread: 0x00007fb55c07a000
[0x00007fb55c009460] Heap_lock - owner thread: 0x00007fb55c00c800

Heap:
 PSYoungGen      total 537600K, used 34273K [0x00000000d6f00000, 0x00000000f9e00000, 0x0000000100000000)
  eden space 503296K, 0% used [0x00000000d6f00000,0x00000000d6f00000,0x00000000f5a80000)
  from space 34304K, 99% used [0x00000000f5a80000,0x00000000f7bf8518,0x00000000f7c00000)
  to   space 33792K, 0% used [0x00000000f7c00000,0x00000000f7c00000,0x00000000f9d00000)
 ParOldGen       total 84992K, used 65322K [0x0000000084c00000, 0x0000000089f00000, 0x00000000d6f00000)
  object space 84992K, 76% used [0x0000000084c00000,0x0000000088bca9b0,0x0000000089f00000)
 Metaspace       used 19957K, capacity 20178K, committed 20480K, reserved 1067008K
  class space    used 2382K, capacity 2473K, committed 2560K, reserved 1048576K

Card table byte_map: [0x00007fb54bbf2000,0x00007fb54bfcd000] byte_map_base: 0x00007fb54b7cc000

Marking Bits: (ParMarkBitMap*) 0x00007fb561b30080
 Begin Bits: [0x00007fb540260000, 0x00007fb542130000)
 End Bits:   [0x00007fb542130000, 0x00007fb544000000)

Polling page: 0x00007fb56297b000

CodeCache: size=245760Kb used=9618Kb max_used=9651Kb free=236141Kb
 bounds [0x00007fb54c38d000, 0x00007fb54cd0d000, 0x00007fb55b38d000]
 total_blobs=2702 nmethods=2343 adapters=273
 compilation: enabled

Compilation events (10 events):
Event: 12.846 Thread 0x00007fb55c0af800 2400       4       sun.reflect.annotation.AnnotationParser::parseMemberValue (162 bytes)
Event: 12.888 Thread 0x00007fb55c0af800 nmethod 2400 0x00007fb54ccc5550 code [0x00007fb54ccc5b60, 0x00007fb54ccc7458]
Event: 13.199 Thread 0x00007fb55c0b4800 2401       3       java.lang.Class::forName (15 bytes)
Event: 13.199 Thread 0x00007fb55c0b4800 nmethod 2401 0x00007fb54cc9da90 code [0x00007fb54cc9dc20, 0x00007fb54cc9def8]
Event: 13.241 Thread 0x00007fb55c0b2800 2402       4       org.springframework.asm.ClassReader::readAnnotationValue (1211 bytes)
Event: 13.266 Thread 0x00007fb55c0af800 2403   !   4       sun.net.www.protocol.jar.JarURLConnection$JarURLInputStream::close (51 bytes)
Event: 13.274 Thread 0x00007fb55c0af800 nmethod 2403 0x00007fb54ccc43d0 code [0x00007fb54ccc45e0, 0x00007fb54ccc4d40]
Event: 13.276 Thread 0x00007fb55c0b4800 2404   !   3       com.sun.proxy.$Proxy29::annotationType (29 bytes)
Event: 13.276 Thread 0x00007fb55c0b4800 nmethod 2404 0x00007fb54ccab710 code [0x00007fb54ccab8a0, 0x00007fb54ccabcb8]
Event: 14.991 Thread 0x00007fb55c0b2800 nmethod 2402 0x00007fb54ccfbf50 code [0x00007fb54ccfcbc0, 0x00007fb54cd03a30]

GC Heap History (10 events):
Event: 3.730 GC heap after
Heap after GC invocations=4 (full 0):
 PSYoungGen      total 132096K, used 5104K [0x00000000d6f00000, 0x00000000df500000, 0x0000000100000000)
  eden space 126976K, 0% used [0x00000000d6f00000,0x00000000d6f00000,0x00000000deb00000)
  from space 5120K, 99% used [0x00000000df000000,0x00000000df4fc030,0x00000000df500000)
  to   space 5120K, 0% used [0x00000000deb00000,0x00000000deb00000,0x00000000df000000)
 ParOldGen       total 84992K, used 13920K [0x0000000084c00000, 0x0000000089f00000, 0x00000000d6f00000)
  object space 84992K, 16% used [0x0000000084c00000,0x00000000859981c8,0x0000000089f00000)
 Metaspace       used 16353K, capacity 16476K, committed 16640K, reserved 1064960K
  class space    used 1961K, capacity 1992K, committed 2048K, reserved 1048576K
}
Event: 4.283 GC heap before
{Heap before GC invocations=5 (full 0):
 PSYoungGen      total 132096K, used 132080K [0x00000000d6f00000, 0x00000000df500000, 0x0000000100000000)
  eden space 126976K, 100% used [0x00000000d6f00000,0x00000000deb00000,0x00000000deb00000)
  from space 5120K, 99% used [0x00000000df000000,0x00000000df4fc030,0x00000000df500000)
  to   space 5120K, 0% used [0x00000000deb00000,0x00000000deb00000,0x00000000df000000)
 ParOldGen       total 84992K, used 13920K [0x0000000084c00000, 0x0000000089f00000, 0x00000000d6f00000)
  object space 84992K, 16% used [0x0000000084c00000,0x00000000859981c8,0x0000000089f00000)
 Metaspace       used 18139K, capacity 18316K, committed 18688K, reserved 1064960K
  class space    used 2156K, capacity 2224K, committed 2304K, reserved 1048576K
Event: 4.333 GC heap after
Heap after GC invocations=5 (full 0):
 PSYoungGen      total 132096K, used 5120K [0x00000000d6f00000, 0x00000000e8e00000, 0x0000000100000000)
  eden space 126976K, 0% used [0x00000000d6f00000,0x00000000d6f00000,0x00000000deb00000)
  from space 5120K, 100% used [0x00000000deb00000,0x00000000df000000,0x00000000df000000)
  to   space 19968K, 0% used [0x00000000e7a80000,0x00000000e7a80000,0x00000000e8e00000)
 ParOldGen       total 84992K, used 27503K [0x0000000084c00000, 0x0000000089f00000, 0x00000000d6f00000)
  object space 84992K, 32% used [0x0000000084c00000,0x00000000866dbe60,0x0000000089f00000)
 Metaspace       used 18139K, capacity 18316K, committed 18688K, reserved 1064960K
  class space    used 2156K, capacity 2224K, committed 2304K, reserved 1048576K
}
Event: 4.616 GC heap before
{Heap before GC invocations=6 (full 0):
 PSYoungGen      total 132096K, used 132096K [0x00000000d6f00000, 0x00000000e8e00000, 0x0000000100000000)
  eden space 126976K, 100% used [0x00000000d6f00000,0x00000000deb00000,0x00000000deb00000)
  from space 5120K, 100% used [0x00000000deb00000,0x00000000df000000,0x00000000df000000)
  to   space 19968K, 0% used [0x00000000e7a80000,0x00000000e7a80000,0x00000000e8e00000)
 ParOldGen       total 84992K, used 27503K [0x0000000084c00000, 0x0000000089f00000, 0x00000000d6f00000)
  object space 84992K, 32% used [0x0000000084c00000,0x00000000866dbe60,0x0000000089f00000)
 Metaspace       used 18912K, capacity 19188K, committed 19456K, reserved 1067008K
  class space    used 2225K, capacity 2300K, committed 2304K, reserved 1048576K
Event: 4.744 GC heap after
Heap after GC invocations=6 (full 0):
 PSYoungGen      total 271872K, used 16959K [0x00000000d6f00000, 0x00000000e9200000, 0x0000000100000000)
  eden space 251904K, 0% used [0x00000000d6f00000,0x00000000d6f00000,0x00000000e6500000)
  from space 19968K, 84% used [0x00000000e7a80000,0x00000000e8b0fc48,0x00000000e8e00000)
  to   space 22016K, 0% used [0x00000000e6500000,0x00000000e6500000,0x00000000e7a80000)
 ParOldGen       total 84992K, used 27511K [0x0000000084c00000, 0x0000000089f00000, 0x00000000d6f00000)
  object space 84992K, 32% used [0x0000000084c00000,0x00000000866dde60,0x0000000089f00000)
 Metaspace       used 18912K, capacity 19188K, committed 19456K, reserved 1067008K
  class space    used 2225K, capacity 2300K, committed 2304K, reserved 1048576K
}
Event: 6.719 GC heap before
{Heap before GC invocations=7 (full 0):
 PSYoungGen      total 271872K, used 268863K [0x00000000d6f00000, 0x00000000e9200000, 0x0000000100000000)
  eden space 251904K, 100% used [0x00000000d6f00000,0x00000000e6500000,0x00000000e6500000)
  from space 19968K, 84% used [0x00000000e7a80000,0x00000000e8b0fc48,0x00000000e8e00000)
  to   space 22016K, 0% used [0x00000000e6500000,0x00000000e6500000,0x00000000e7a80000)
 ParOldGen       total 84992K, used 27511K [0x0000000084c00000, 0x0000000089f00000, 0x00000000d6f00000)
  object space 84992K, 32% used [0x0000000084c00000,0x00000000866dde60,0x0000000089f00000)
 Metaspace       used 19026K, capacity 19240K, committed 19584K, reserved 1067008K
  class space    used 2240K, capacity 2338K, committed 2432K, reserved 1048576K
Event: 6.927 GC heap after
Heap after GC invocations=7 (full 0):
 PSYoungGen      total 273920K, used 22011K [0x00000000d6f00000, 0x00000000f9d00000, 0x0000000100000000)
  eden space 251904K, 0% used [0x00000000d6f00000,0x00000000d6f00000,0x00000000e6500000)
  from space 22016K, 99% used [0x00000000e6500000,0x00000000e7a7ecb0,0x00000000e7a80000)
  to   space 33792K, 0% used [0x00000000f7c00000,0x00000000f7c00000,0x00000000f9d00000)
 ParOldGen       total 84992K, used 43068K [0x0000000084c00000, 0x0000000089f00000, 0x00000000d6f00000)
  object space 84992K, 50% used [0x0000000084c00000,0x000000008760f260,0x0000000089f00000)
 Metaspace       used 19026K, capacity 19240K, committed 19584K, reserved 1067008K
  class space    used 2240K, capacity 2338K, committed 2432K, reserved 1048576K
}
Event: 8.028 GC heap before
{Heap before GC invocations=8 (full 0):
 PSYoungGen      total 273920K, used 273915K [0x00000000d6f00000, 0x00000000f9d00000, 0x0000000100000000)
  eden space 251904K, 100% used [0x00000000d6f00000,0x00000000e6500000,0x00000000e6500000)
  from space 22016K, 99% used [0x00000000e6500000,0x00000000e7a7ecb0,0x00000000e7a80000)
  to   space 33792K, 0% used [0x00000000f7c00000,0x00000000f7c00000,0x00000000f9d00000)
 ParOldGen       total 84992K, used 43068K [0x0000000084c00000, 0x0000000089f00000, 0x00000000d6f00000)
  object space 84992K, 50% used [0x0000000084c00000,0x000000008760f260,0x0000000089f00000)
 Metaspace       used 19099K, capacity 19368K, committed 19584K, reserved 1067008K
  class space    used 2252K, capacity 2338K, committed 2432K, reserved 1048576K
Event: 8.155 GC heap after
Heap after GC invocations=8 (full 0):
 PSYoungGen      total 537088K, used 21902K [0x00000000d6f00000, 0x00000000f9e00000, 0x0000000100000000)
  eden space 503296K, 0% used [0x00000000d6f00000,0x00000000d6f00000,0x00000000f5a80000)
  from space 33792K, 64% used [0x00000000f7c00000,0x00000000f91639e0,0x00000000f9d00000)
  to   space 34304K, 0% used [0x00000000f5a80000,0x00000000f5a80000,0x00000000f7c00000)
 ParOldGen       total 84992K, used 43116K [0x0000000084c00000, 0x0000000089f00000, 0x00000000d6f00000)
  object space 84992K, 50% used [0x0000000084c00000,0x000000008761b260,0x0000000089f00000)
 Metaspace       used 19099K, capacity 19368K, committed 19584K, reserved 1067008K
  class space    used 2252K, capacity 2338K, committed 2432K, reserved 1048576K
}
Event: 77.099 GC heap before
{Heap before GC invocations=9 (full 0):
 PSYoungGen      total 537088K, used 525198K [0x00000000d6f00000, 0x00000000f9e00000, 0x0000000100000000)
  eden space 503296K, 100% used [0x00000000d6f00000,0x00000000f5a80000,0x00000000f5a80000)
  from space 33792K, 64% used [0x00000000f7c00000,0x00000000f91639e0,0x00000000f9d00000)
  to   space 34304K, 0% used [0x00000000f5a80000,0x00000000f5a80000,0x00000000f7c00000)
 ParOldGen       total 84992K, used 43116K [0x0000000084c00000, 0x0000000089f00000, 0x00000000d6f00000)
  object space 84992K, 50% used [0x0000000084c00000,0x000000008761b260,0x0000000089f00000)
 Metaspace       used 19957K, capacity 20178K, committed 20480K, reserved 1067008K
  class space    used 2382K, capacity 2473K, committed 2560K, reserved 1048576K

Deoptimization events (10 events):
Event: 10.154 Thread 0x00007fb55c00c800 Uncommon trap: reason=class_check action=maybe_recompile pc=0x00007fb54cb52000 method=org.springframework.com.supernova.core.type.classreading.SimpleMetadataReader.<init>(Lorg/springframework/com.supernova.core/io/Resource;Ljava/lang/ClassLoader;)V @ 9
Event: 10.314 Thread 0x00007fb55c00c800 Uncommon trap: reason=unstable_if action=reinterpret pc=0x00007fb54cb6dc08 method=org.springframework.asm.ClassReader.readMethod(Lorg/springframework/asm/ClassVisitor;Lorg/springframework/asm/Context;I)I @ 1044
Event: 10.495 Thread 0x00007fb55c00c800 Uncommon trap: reason=unstable_if action=reinterpret pc=0x00007fb54c84d9a4 method=org.springframework.util.StringUtils.delimitedListToStringArray(Ljava/lang/String;Ljava/lang/String;Ljava/lang/String;)[Ljava/lang/String; @ 1
Event: 10.587 Thread 0x00007fb55c00c800 Uncommon trap: reason=unstable_if action=reinterpret pc=0x00007fb54c9e2438 method=org.springframework.util.ClassUtils.isAssignable(Ljava/lang/Class;Ljava/lang/Class;)Z @ 17
Event: 10.642 Thread 0x00007fb55c00c800 Uncommon trap: reason=predicate action=maybe_recompile pc=0x00007fb54ca203f0 method=org.springframework.beans.factory.support.DefaultListableBeanFactory.doGetBeanNamesForType(Lorg/springframework/com.supernova.core/ResolvableType;ZZ)[Ljava/lang/String; @ 30
Event: 11.901 Thread 0x00007fb55c00c800 Uncommon trap: reason=unstable_if action=reinterpret pc=0x00007fb54cc21d70 method=sun.reflect.annotation.AnnotationType.invocationHandlerReturnType(Ljava/lang/Class;)Ljava/lang/Class; @ 14
Event: 12.887 Thread 0x00007fb55c00c800 Uncommon trap: reason=array_check action=maybe_recompile pc=0x00007fb54ccb72a0 method=org.springframework.util.ObjectUtils.addObjectToArray([Ljava/lang/Object;Ljava/lang/Object;)[Ljava/lang/Object; @ 75
Event: 12.887 Thread 0x00007fb55c00c800 Uncommon trap: reason=array_check action=maybe_recompile pc=0x00007fb54ccb72a0 method=org.springframework.util.ObjectUtils.addObjectToArray([Ljava/lang/Object;Ljava/lang/Object;)[Ljava/lang/Object; @ 75
Event: 12.887 Thread 0x00007fb55c00c800 Uncommon trap: reason=array_check action=maybe_recompile pc=0x00007fb54ccb72a0 method=org.springframework.util.ObjectUtils.addObjectToArray([Ljava/lang/Object;Ljava/lang/Object;)[Ljava/lang/Object; @ 75
Event: 12.887 Thread 0x00007fb55c00c800 Uncommon trap: reason=array_check action=maybe_recompile pc=0x00007fb54ccb72a0 method=org.springframework.util.ObjectUtils.addObjectToArray([Ljava/lang/Object;Ljava/lang/Object;)[Ljava/lang/Object; @ 75

Internal exceptions (10 events):
Event: 3.097 Thread 0x00007fb55c00c800 Exception <a 'java/io/FileNotFoundException'> (0x00000000d7db6018) thrown at [/build/openjdk-8-vT_67x/openjdk-8-8u91-b14/src/hotspot/src/share/vm/prims/jni.cpp, line 709]
Event: 3.097 Thread 0x00007fb55c00c800 Exception <a 'java/io/FileNotFoundException'> (0x00000000d7db72d0) thrown at [/build/openjdk-8-vT_67x/openjdk-8-8u91-b14/src/hotspot/src/share/vm/prims/jni.cpp, line 709]
Event: 3.112 Thread 0x00007fb55c00c800 Exception <a 'java/util/zip/ZipException'> (0x00000000d7f53e18) thrown at [/build/openjdk-8-vT_67x/openjdk-8-8u91-b14/src/hotspot/src/share/vm/prims/jni.cpp, line 709]
Event: 3.112 Thread 0x00007fb55c00c800 Exception <a 'java/util/zip/ZipException'> (0x00000000d7f549f0) thrown at [/build/openjdk-8-vT_67x/openjdk-8-8u91-b14/src/hotspot/src/share/vm/prims/jni.cpp, line 709]
Event: 4.195 Thread 0x00007fb55c59b800 Exception <a 'java/lang/NoSuchFieldError': method resolution failed> (0x00000000de0df950) thrown at [/build/openjdk-8-vT_67x/openjdk-8-8u91-b14/src/hotspot/src/share/vm/prims/methodHandles.cpp, line 1146]
Event: 4.197 Thread 0x00007fb55c59b800 Exception <a 'java/lang/NoSuchFieldError': method resolution failed> (0x00000000de0ed040) thrown at [/build/openjdk-8-vT_67x/openjdk-8-8u91-b14/src/hotspot/src/share/vm/prims/methodHandles.cpp, line 1146]
Event: 9.876 Thread 0x00007fb55c00c800 Implicit null exception at 0x00007fb54cad6e73 to 0x00007fb54cadb909
Event: 10.495 Thread 0x00007fb55c00c800 Implicit null exception at 0x00007fb54c84bc9e to 0x00007fb54c84d989
Event: 10.975 Thread 0x00007fb55c00c800 Exception <a 'java/lang/NoClassDefFoundError': groovy/text/markup/TemplateConfiguration> (0x00000000ea759998) thrown at [/build/openjdk-8-vT_67x/openjdk-8-8u91-b14/src/hotspot/src/share/vm/classfile/systemDictionary.cpp, line 199]
Event: 10.975 Thread 0x00007fb55c00c800 Exception <a 'java/lang/NoClassDefFoundError'> (0x00000000ea759998) thrown at [/build/openjdk-8-vT_67x/openjdk-8-8u91-b14/src/hotspot/src/share/vm/prims/jvm.cpp, line 1390]

Events (10 events):
Event: 13.158 loading class com/fasterxml/jackson/annotation/JsonIgnore done
Event: 13.263 loading class com/fasterxml/jackson/databind/annotation/JacksonStdImpl
Event: 13.263 loading class com/fasterxml/jackson/databind/annotation/JacksonStdImpl done
Event: 13.293 loading class com/fasterxml/jackson/annotation/JsonValue
Event: 13.293 loading class com/fasterxml/jackson/annotation/JsonValue done
Event: 14.541 loading class com/fasterxml/jackson/annotation/JsonCreator
Event: 14.541 loading class com/fasterxml/jackson/annotation/JsonCreator done
Event: 14.736 loading class com/fasterxml/jackson/annotation/JsonCreator$Mode
Event: 14.736 loading class com/fasterxml/jackson/annotation/JsonCreator$Mode done
Event: 74.895 Executing VM operation: ParallelGCFailedAllocation


Dynamic libraries:
00400000-00401000 r-xp 00000000 08:04 1193675                            /usr/lib/jvm/java-8-openjdk-amd64/jre/bin/java
00600000-00601000 r--p 00000000 08:04 1193675                            /usr/lib/jvm/java-8-openjdk-amd64/jre/bin/java
00601000-00602000 rw-p 00001000 08:04 1193675                            /usr/lib/jvm/java-8-openjdk-amd64/jre/bin/java
0097a000-0099b000 rw-p 00000000 00:00 0                                  [heap]
84c00000-89f00000 rw-p 00000000 00:00 0 
89f00000-d6f00000 ---p 00000000 00:00 0 
d6f00000-f9e00000 rw-p 00000000 00:00 0 
100000000-100280000 rw-p 00000000 00:00 0 
100280000-140000000 ---p 00000000 00:00 0 
7fb504000000-7fb504021000 rw-p 00000000 00:00 0 
7fb504021000-7fb508000000 ---p 00000000 00:00 0 
7fb508000000-7fb508248000 rw-p 00000000 00:00 0 
7fb508248000-7fb50c000000 ---p 00000000 00:00 0 
7fb50c000000-7fb50c021000 rw-p 00000000 00:00 0 
7fb50c021000-7fb510000000 ---p 00000000 00:00 0 
7fb510000000-7fb510021000 rw-p 00000000 00:00 0 
7fb510021000-7fb514000000 ---p 00000000 00:00 0 
7fb514000000-7fb515f3d000 rw-p 00000000 00:00 0 
7fb515f3d000-7fb518000000 ---p 00000000 00:00 0 
7fb518000000-7fb518949000 rw-p 00000000 00:00 0 
7fb518949000-7fb51c000000 ---p 00000000 00:00 0 
7fb51c000000-7fb51c021000 rw-p 00000000 00:00 0 
7fb51c021000-7fb520000000 ---p 00000000 00:00 0 
7fb520000000-7fb521afb000 rw-p 00000000 00:00 0 
7fb521afb000-7fb524000000 ---p 00000000 00:00 0 
7fb524000000-7fb524021000 rw-p 00000000 00:00 0 
7fb524021000-7fb528000000 ---p 00000000 00:00 0 
7fb528000000-7fb528021000 rw-p 00000000 00:00 0 
7fb528021000-7fb52c000000 ---p 00000000 00:00 0 
7fb52c000000-7fb52c021000 rw-p 00000000 00:00 0 
7fb52c021000-7fb530000000 ---p 00000000 00:00 0 
7fb530000000-7fb530021000 rw-p 00000000 00:00 0 
7fb530021000-7fb534000000 ---p 00000000 00:00 0 
7fb534000000-7fb534021000 rw-p 00000000 00:00 0 
7fb534021000-7fb538000000 ---p 00000000 00:00 0 
7fb53b1ad000-7fb53b32d000 rw-p 00000000 00:00 0 
7fb53b32d000-7fb53b3ad000 ---p 00000000 00:00 0 
7fb53b3ad000-7fb53b3be000 r-xp 00000000 08:04 1193724                    /usr/lib/jvm/java-8-openjdk-amd64/jre/lib/amd64/libnio.so
7fb53b3be000-7fb53b5bd000 ---p 00011000 08:04 1193724                    /usr/lib/jvm/java-8-openjdk-amd64/jre/lib/amd64/libnio.so
7fb53b5bd000-7fb53b5be000 r--p 00010000 08:04 1193724                    /usr/lib/jvm/java-8-openjdk-amd64/jre/lib/amd64/libnio.so
7fb53b5be000-7fb53b5bf000 rw-p 00011000 08:04 1193724                    /usr/lib/jvm/java-8-openjdk-amd64/jre/lib/amd64/libnio.so
7fb53b6f5000-7fb53b8f5000 rw-p 00000000 00:00 0 
7fb53b8f5000-7fb53baf5000 rw-p 00000000 00:00 0 
7fb53baf5000-7fb53bcf5000 rw-p 00000000 00:00 0 
7fb53bcf5000-7fb53bcf8000 ---p 00000000 00:00 0 
7fb53bcf8000-7fb53bdf6000 rw-p 00000000 00:00 0 
7fb53bdf6000-7fb53bdff000 r-xp 00000000 08:04 1193714                    /usr/lib/jvm/java-8-openjdk-amd64/jre/lib/amd64/libmanagement.so
7fb53bdff000-7fb53bffe000 ---p 00009000 08:04 1193714                    /usr/lib/jvm/java-8-openjdk-amd64/jre/lib/amd64/libmanagement.so
7fb53bffe000-7fb53bfff000 r--p 00008000 08:04 1193714                    /usr/lib/jvm/java-8-openjdk-amd64/jre/lib/amd64/libmanagement.so
7fb53bfff000-7fb53c000000 rw-p 00009000 08:04 1193714                    /usr/lib/jvm/java-8-openjdk-amd64/jre/lib/amd64/libmanagement.so
7fb53c000000-7fb53c021000 rw-p 00000000 00:00 0 
7fb53c021000-7fb540000000 ---p 00000000 00:00 0 
7fb540060000-7fb540260000 rw-p 00000000 00:00 0 
7fb540260000-7fb544000000 rw-p 00000000 00:00 0 
7fb544000000-7fb544021000 rw-p 00000000 00:00 0 
7fb544021000-7fb548000000 ---p 00000000 00:00 0 
7fb548051000-7fb548052000 rw-p 00000000 00:00 0 
7fb548052000-7fb548058000 r--s 002f8000 08:04 1193741                    /usr/lib/jvm/java-8-openjdk-amd64/jre/lib/charsets.jar
7fb548058000-7fb548089000 rw-p 00000000 00:00 0 
7fb548089000-7fb54809f000 r-xp 00000000 08:04 1193700                    /usr/lib/jvm/java-8-openjdk-amd64/jre/lib/amd64/libnet.so
7fb54809f000-7fb54829f000 ---p 00016000 08:04 1193700                    /usr/lib/jvm/java-8-openjdk-amd64/jre/lib/amd64/libnet.so
7fb54829f000-7fb5482a0000 r--p 00016000 08:04 1193700                    /usr/lib/jvm/java-8-openjdk-amd64/jre/lib/amd64/libnet.so
7fb5482a0000-7fb5482a1000 rw-p 00017000 08:04 1193700                    /usr/lib/jvm/java-8-openjdk-amd64/jre/lib/amd64/libnet.so
7fb5482a1000-7fb5482a4000 ---p 00000000 00:00 0 
7fb5482a4000-7fb5483a2000 rw-p 00000000 00:00 0 
7fb5483a2000-7fb5483a3000 r-xp 00000000 08:04 2889454                    /home/asakhare/Documents/idea-IC-162.1447.26/bin/libbreakgen64.so
7fb5483a3000-7fb5485a2000 ---p 00001000 08:04 2889454                    /home/asakhare/Documents/idea-IC-162.1447.26/bin/libbreakgen64.so
7fb5485a2000-7fb5485a3000 r--p 00000000 08:04 2889454                    /home/asakhare/Documents/idea-IC-162.1447.26/bin/libbreakgen64.so
7fb5485a3000-7fb5485a4000 rw-p 00001000 08:04 2889454                    /home/asakhare/Documents/idea-IC-162.1447.26/bin/libbreakgen64.so
7fb5485a4000-7fb5485a6000 r--s 0001e000 08:04 3020932                    /home/asakhare/Documents/idea-IC-162.1447.26/lib/idea_rt.jar
7fb5485a6000-7fb5485cf000 r--s 001ee000 08:04 9019                       /home/asakhare/.m2/repository/com/google/guava/guava/14.0/guava-14.0.jar
7fb5485cf000-7fb5485d6000 r--s 0003f000 08:04 8951                       /home/asakhare/.m2/repository/commons-codec/commons-codec/1.10/commons-codec-1.10.jar
7fb5485d6000-7fb5485dd000 r--s 00049000 08:04 6342                       /home/asakhare/.m2/repository/org/apache/httpcomponents/httpcore/4.4.5/httpcore-4.4.5.jar
7fb5485dd000-7fb5485ea000 r--s 000a7000 08:04 6344                       /home/asakhare/.m2/repository/org/apache/httpcomponents/httpclient/4.5.2/httpclient-4.5.2.jar
7fb5485ea000-7fb5485ed000 r--s 00006000 08:04 8955                       /home/asakhare/.m2/repository/com/google/code/findbugs/jsr305/1.3.9/jsr305-1.3.9.jar
7fb5485ed000-7fb5485f6000 r--s 0004f000 08:04 8952                       /home/asakhare/.m2/repository/com/google/http-client/google-http-client/1.22.0/google-http-client-1.22.0.jar
7fb5485f6000-7fb5485f7000 r--s 00001000 08:04 8957                       /home/asakhare/.m2/repository/com/google/http-client/google-http-client-jackson2/1.22.0/google-http-client-jackson2-1.22.0.jar
7fb5485f7000-7fb5485fa000 r--s 00011000 08:04 9020                       /home/asakhare/.m2/repository/com/google/apis/google-api-services-plus/v1-rev137-1.19.0/google-api-services-plus-v1-rev137-1.19.0.jar
7fb5485fa000-7fb548622000 r--s 001cf000 08:04 8960                       /home/asakhare/.m2/repository/com/google/guava/guava-jdk5/17.0/guava-jdk5-17.0.jar
7fb548622000-7fb548624000 r--s 0000d000 08:04 8950                       /home/asakhare/.m2/repository/com/google/oauth-client/google-oauth-client/1.22.0/google-oauth-client-1.22.0.jar
7fb548624000-7fb548629000 r--s 0002c000 08:04 8949                       /home/asakhare/.m2/repository/com/google/api-client/google-api-client/1.22.0/google-api-client-1.22.0.jar
7fb548629000-7fb54862b000 r--s 0000b000 08:04 8953                       /home/asakhare/.m2/repository/com/google/apis/google-api-services-fitness/v1-rev24-1.22.0/google-api-services-fitness-v1-rev24-1.22.0.jar
7fb54862b000-7fb54862d000 r--s 00009000 08:04 8833                       /home/asakhare/.m2/repository/org/slf4j/slf4j-api/1.7.22/slf4j-api-1.7.22.jar
7fb54862d000-7fb548632000 r--s 00036000 08:04 8887                       /home/asakhare/.m2/repository/org/apache/tomcat/embed/tomcat-embed-websocket/8.5.6/tomcat-embed-websocket-8.5.6.jar
7fb548632000-7fb548637000 r--s 00036000 08:04 8885                       /home/asakhare/.m2/repository/org/apache/tomcat/embed/tomcat-embed-el/8.5.6/tomcat-embed-el-8.5.6.jar
7fb548637000-7fb548660000 r--s 002b2000 08:04 8886                       /home/asakhare/.m2/repository/org/apache/tomcat/embed/tomcat-embed-com.supernova.core/8.5.6/tomcat-embed-com.supernova.core-8.5.6.jar
7fb548660000-7fb548661000 r--s 00000000 08:04 3019405                    /home/asakhare/.m2/repository/org/springframework/boot/spring-boot-starter-tomcat/1.4.3.RELEASE/spring-boot-starter-tomcat-1.4.3.RELEASE.jar
7fb548661000-7fb548665000 r--s 00041000 08:04 8850                       /home/asakhare/.m2/repository/com/fasterxml/jackson/com.supernova.core/jackson-com.supernova.core/2.8.5/jackson-com.supernova.core-2.8.5.jar
7fb548665000-7fb548668000 r--s 0000b000 08:04 8848                       /home/asakhare/.m2/repository/com/fasterxml/jackson/com.supernova.core/jackson-annotations/2.8.5/jackson-annotations-2.8.5.jar
7fb548668000-7fb548679000 r--s 0011d000 08:04 8847                       /home/asakhare/.m2/repository/com/fasterxml/jackson/com.supernova.core/jackson-databind/2.8.5/jackson-databind-2.8.5.jar
7fb548679000-7fb54867e000 r--s 0003c000 08:04 2888271                    /home/asakhare/.m2/repository/org/springframework/spring-expression/4.3.5.RELEASE/spring-expression-4.3.5.RELEASE.jar
7fb54867e000-7fb54868f000 r--s 000cf000 08:04 2759145                    /home/asakhare/.m2/repository/org/springframework/spring-webmvc/4.3.5.RELEASE/spring-webmvc-4.3.5.RELEASE.jar
7fb54868f000-7fb54869c000 r--s 000ad000 08:04 3019381                    /home/asakhare/.m2/repository/org/springframework/spring-beans/4.3.5.RELEASE/spring-beans-4.3.5.RELEASE.jar
7fb54869c000-7fb5486a5000 r--s 00054000 08:04 8842                       /home/asakhare/.m2/repository/org/springframework/spring-aop/4.3.5.RELEASE/spring-aop-4.3.5.RELEASE.jar
7fb5486a5000-7fb5486b7000 r--s 000b6000 08:04 8841                       /home/asakhare/.m2/repository/org/springframework/spring-web/4.3.5.RELEASE/spring-web-4.3.5.RELEASE.jar
7fb5486b7000-7fb5486b9000 r--s 0000e000 08:04 8888                       /home/asakhare/.m2/repository/com/fasterxml/classmate/1.3.3/classmate-1.3.3.jar
7fb5486b9000-7fb5486bb000 r--s 0000f000 08:04 3343                       /home/asakhare/.m2/repository/org/jboss/logging/jboss-logging/3.3.0.Final/jboss-logging-3.3.0.Final.jar
7fb5486bb000-7fb5486bf000 r--s 0000c000 08:04 5279                       /home/asakhare/.m2/repository/javax/validation/validation-api/1.1.0.Final/validation-api-1.1.0.Final.jar
7fb5486bf000-7fb5486cf000 r--s 0009c000 08:04 2761652                    /home/asakhare/.m2/repository/org/hibernate/hibernate-validator/5.2.4.Final/hibernate-validator-5.2.4.Final.jar
7fb5486cf000-7fb5486d0000 r--s 00000000 08:04 3019404                    /home/asakhare/.m2/repository/org/springframework/boot/spring-boot-starter-web/1.4.3.RELEASE/spring-boot-starter-web-1.4.3.RELEASE.jar
7fb5486d0000-7fb5486d6000 r--s 0003d000 08:04 3390                       /home/asakhare/.m2/repository/org/yaml/snakeyaml/1.17/snakeyaml-1.17.jar
7fb5486d6000-7fb5486ec000 r--s 000fa000 08:04 2759138                    /home/asakhare/.m2/repository/org/springframework/spring-com.supernova.core/4.3.5.RELEASE/spring-com.supernova.core-4.3.5.RELEASE.jar
7fb5486ec000-7fb5486ee000 r--s 00004000 08:04 8839                       /home/asakhare/.m2/repository/org/slf4j/log4j-over-slf4j/1.7.22/log4j-over-slf4j-1.7.22.jar
7fb5486ee000-7fb5486f0000 r--s 00000000 08:04 8836                       /home/asakhare/.m2/repository/org/slf4j/jul-to-slf4j/1.7.22/jul-to-slf4j-1.7.22.jar
7fb5486f0000-7fb5486f2000 r--s 00003000 08:04 8835                       /home/asakhare/.m2/repository/org/slf4j/jcl-over-slf4j/1.7.22/jcl-over-slf4j-1.7.22.jar
7fb5486f2000-7fb5486fc000 r--s 00069000 08:04 2888268                    /home/asakhare/.m2/repository/ch/qos/logback/logback-com.supernova.core/1.1.8/logback-com.supernova.core-1.1.8.jar
7fb5486fc000-7fb548702000 r--s 00045000 08:04 2888267                    /home/asakhare/.m2/repository/ch/qos/logback/logback-classic/1.1.8/logback-classic-1.1.8.jar
7fb548702000-7fb548703000 r--s 00000000 08:04 8829                       /home/asakhare/.m2/repository/org/springframework/boot/spring-boot-starter-logging/1.4.3.RELEASE/spring-boot-starter-logging-1.4.3.RELEASE.jar
7fb548703000-7fb548721000 r--s 000d0000 08:04 8830                       /home/asakhare/.m2/repository/org/springframework/boot/spring-boot-autoconfigure/1.4.3.RELEASE/spring-boot-autoconfigure-1.4.3.RELEASE.jar
7fb548721000-7fb54873b000 r--s 000fc000 08:04 2759139                    /home/asakhare/.m2/repository/org/springframework/spring-context/4.3.5.RELEASE/spring-context-4.3.5.RELEASE.jar
7fb54873b000-7fb54874b000 r--s 00092000 08:04 8832                       /home/asakhare/.m2/repository/org/springframework/boot/spring-boot/1.4.3.RELEASE/spring-boot-1.4.3.RELEASE.jar
7fb54874b000-7fb54875e000 r--s 00345000 08:04 1193727                    /usr/lib/jvm/java-8-openjdk-amd64/jre/lib/resources.jar
7fb54875e000-7fb54877a000 r--s 00393000 08:04 1193753                    /usr/lib/jvm/java-8-openjdk-amd64/jre/lib/ext/cldrdata.jar
7fb54877a000-7fb548795000 r--s 001d7000 08:04 1193751                    /usr/lib/jvm/java-8-openjdk-amd64/jre/lib/ext/nashorn.jar
7fb548795000-7fb548796000 ---p 00000000 00:00 0 
7fb548796000-7fb548896000 rw-p 00000000 00:00 0 
7fb548896000-7fb548899000 ---p 00000000 00:00 0 
7fb548899000-7fb548997000 rw-p 00000000 00:00 0 
7fb548997000-7fb54899a000 ---p 00000000 00:00 0 
7fb54899a000-7fb548a98000 rw-p 00000000 00:00 0 
7fb548a98000-7fb548a9b000 ---p 00000000 00:00 0 
7fb548a9b000-7fb548b99000 rw-p 00000000 00:00 0 
7fb548b99000-7fb548b9c000 ---p 00000000 00:00 0 
7fb548b9c000-7fb548c9a000 rw-p 00000000 00:00 0 
7fb548c9a000-7fb548c9d000 ---p 00000000 00:00 0 
7fb548c9d000-7fb548d9b000 rw-p 00000000 00:00 0 
7fb548d9b000-7fb54947d000 r--p 00000000 08:04 1187791                    /usr/lib/locale/locale-archive
7fb54947d000-7fb549480000 ---p 00000000 00:00 0 
7fb549480000-7fb54957e000 rw-p 00000000 00:00 0 
7fb54957e000-7fb549581000 ---p 00000000 00:00 0 
7fb549581000-7fb54967f000 rw-p 00000000 00:00 0 
7fb54967f000-7fb549680000 ---p 00000000 00:00 0 
7fb549680000-7fb54a73f000 rw-p 00000000 00:00 0 
7fb54a73f000-7fb54a90c000 r--s 03be7000 08:04 1193739                    /usr/lib/jvm/java-8-openjdk-amd64/jre/lib/rt.jar
7fb54a90c000-7fb54b55c000 rw-p 00000000 00:00 0 
7fb54b55c000-7fb54b55d000 ---p 00000000 00:00 0 
7fb54b55d000-7fb54b65d000 rw-p 00000000 00:00 0 
7fb54b65d000-7fb54b65e000 ---p 00000000 00:00 0 
7fb54b65e000-7fb54b75e000 rw-p 00000000 00:00 0 
7fb54b75e000-7fb54b75f000 ---p 00000000 00:00 0 
7fb54b75f000-7fb54b85f000 rw-p 00000000 00:00 0 
7fb54b85f000-7fb54b860000 ---p 00000000 00:00 0 
7fb54b860000-7fb54b98a000 rw-p 00000000 00:00 0 
7fb54b98a000-7fb54bbf2000 ---p 00000000 00:00 0 
7fb54bbf2000-7fb54bc1c000 rw-p 00000000 00:00 0 
7fb54bc1c000-7fb54be83000 ---p 00000000 00:00 0 
7fb54be83000-7fb54bf9b000 rw-p 00000000 00:00 0 
7fb54bf9b000-7fb54bfcc000 ---p 00000000 00:00 0 
7fb54bfcc000-7fb54bff3000 rw-p 00000000 00:00 0 
7fb54bff3000-7fb54c38d000 ---p 00000000 00:00 0 
7fb54c38d000-7fb54cd0d000 rwxp 00000000 00:00 0 
7fb54cd0d000-7fb55b38d000 ---p 00000000 00:00 0 
7fb55b38d000-7fb55b395000 r-xp 00000000 08:04 1193707                    /usr/lib/jvm/java-8-openjdk-amd64/jre/lib/amd64/libzip.so
7fb55b395000-7fb55b594000 ---p 00008000 08:04 1193707                    /usr/lib/jvm/java-8-openjdk-amd64/jre/lib/amd64/libzip.so
7fb55b594000-7fb55b595000 r--p 00007000 08:04 1193707                    /usr/lib/jvm/java-8-openjdk-amd64/jre/lib/amd64/libzip.so
7fb55b595000-7fb55b596000 rw-p 00008000 08:04 1193707                    /usr/lib/jvm/java-8-openjdk-amd64/jre/lib/amd64/libzip.so
7fb55b596000-7fb55b5a0000 r-xp 00000000 08:04 2621543                    /lib/x86_64-linux-gnu/libnss_files-2.19.so
7fb55b5a0000-7fb55b79f000 ---p 0000a000 08:04 2621543                    /lib/x86_64-linux-gnu/libnss_files-2.19.so
7fb55b79f000-7fb55b7a0000 r--p 00009000 08:04 2621543                    /lib/x86_64-linux-gnu/libnss_files-2.19.so
7fb55b7a0000-7fb55b7a1000 rw-p 0000a000 08:04 2621543                    /lib/x86_64-linux-gnu/libnss_files-2.19.so
7fb55b7a1000-7fb55b7ac000 r-xp 00000000 08:04 2621535                    /lib/x86_64-linux-gnu/libnss_nis-2.19.so
7fb55b7ac000-7fb55b9ab000 ---p 0000b000 08:04 2621535                    /lib/x86_64-linux-gnu/libnss_nis-2.19.so
7fb55b9ab000-7fb55b9ac000 r--p 0000a000 08:04 2621535                    /lib/x86_64-linux-gnu/libnss_nis-2.19.so
7fb55b9ac000-7fb55b9ad000 rw-p 0000b000 08:04 2621535                    /lib/x86_64-linux-gnu/libnss_nis-2.19.so
7fb55b9ad000-7fb55b9c4000 r-xp 00000000 08:04 2621531                    /lib/x86_64-linux-gnu/libnsl-2.19.so
7fb55b9c4000-7fb55bbc3000 ---p 00017000 08:04 2621531                    /lib/x86_64-linux-gnu/libnsl-2.19.so
7fb55bbc3000-7fb55bbc4000 r--p 00016000 08:04 2621531                    /lib/x86_64-linux-gnu/libnsl-2.19.so
7fb55bbc4000-7fb55bbc5000 rw-p 00017000 08:04 2621531                    /lib/x86_64-linux-gnu/libnsl-2.19.so
7fb55bbc5000-7fb55bbc7000 rw-p 00000000 00:00 0 
7fb55bbc7000-7fb55bbd0000 r-xp 00000000 08:04 2621530                    /lib/x86_64-linux-gnu/libnss_compat-2.19.so
7fb55bbd0000-7fb55bdcf000 ---p 00009000 08:04 2621530                    /lib/x86_64-linux-gnu/libnss_compat-2.19.so
7fb55bdcf000-7fb55bdd0000 r--p 00008000 08:04 2621530                    /lib/x86_64-linux-gnu/libnss_compat-2.19.so
7fb55bdd0000-7fb55bdd1000 rw-p 00009000 08:04 2621530                    /lib/x86_64-linux-gnu/libnss_compat-2.19.so
7fb55bdd1000-7fb55bdfd000 r-xp 00000000 08:04 1193692                    /usr/lib/jvm/java-8-openjdk-amd64/jre/lib/amd64/libjava.so
7fb55bdfd000-7fb55bffd000 ---p 0002c000 08:04 1193692                    /usr/lib/jvm/java-8-openjdk-amd64/jre/lib/amd64/libjava.so
7fb55bffd000-7fb55bffe000 r--p 0002c000 08:04 1193692                    /usr/lib/jvm/java-8-openjdk-amd64/jre/lib/amd64/libjava.so
7fb55bffe000-7fb55c000000 rw-p 0002d000 08:04 1193692                    /usr/lib/jvm/java-8-openjdk-amd64/jre/lib/amd64/libjava.so
7fb55c000000-7fb55c80c000 rw-p 00000000 00:00 0 
7fb55c80c000-7fb560000000 ---p 00000000 00:00 0 
7fb560000000-7fb560001000 r--s 00000000 08:04 8827                       /home/asakhare/.m2/repository/org/springframework/boot/spring-boot-starter/1.4.3.RELEASE/spring-boot-starter-1.4.3.RELEASE.jar
7fb560001000-7fb560005000 r--s 00097000 08:04 1193762                    /usr/lib/jvm/java-8-openjdk-amd64/jre/lib/jsse.jar
7fb560005000-7fb56000b000 r--s 002f8000 08:04 1193741                    /usr/lib/jvm/java-8-openjdk-amd64/jre/lib/charsets.jar
7fb56000b000-7fb56002c000 rw-p 00000000 00:00 0 
7fb56002c000-7fb56003c000 r-xp 00000000 08:04 1193693                    /usr/lib/jvm/java-8-openjdk-amd64/jre/lib/amd64/libverify.so
7fb56003c000-7fb56023b000 ---p 00010000 08:04 1193693                    /usr/lib/jvm/java-8-openjdk-amd64/jre/lib/amd64/libverify.so
7fb56023b000-7fb56023d000 r--p 0000f000 08:04 1193693                    /usr/lib/jvm/java-8-openjdk-amd64/jre/lib/amd64/libverify.so
7fb56023d000-7fb56023e000 rw-p 00011000 08:04 1193693                    /usr/lib/jvm/java-8-openjdk-amd64/jre/lib/amd64/libverify.so
7fb56023e000-7fb560245000 r-xp 00000000 08:04 2621539                    /lib/x86_64-linux-gnu/librt-2.19.so
7fb560245000-7fb560444000 ---p 00007000 08:04 2621539                    /lib/x86_64-linux-gnu/librt-2.19.so
7fb560444000-7fb560445000 r--p 00006000 08:04 2621539                    /lib/x86_64-linux-gnu/librt-2.19.so
7fb560445000-7fb560446000 rw-p 00007000 08:04 2621539                    /lib/x86_64-linux-gnu/librt-2.19.so
7fb560446000-7fb56045c000 r-xp 00000000 08:04 2626034                    /lib/x86_64-linux-gnu/libgcc_s.so.1
7fb56045c000-7fb56065b000 ---p 00016000 08:04 2626034                    /lib/x86_64-linux-gnu/libgcc_s.so.1
7fb56065b000-7fb56065c000 rw-p 00015000 08:04 2626034                    /lib/x86_64-linux-gnu/libgcc_s.so.1
7fb56065c000-7fb560761000 r-xp 00000000 08:04 2621459                    /lib/x86_64-linux-gnu/libm-2.19.so
7fb560761000-7fb560960000 ---p 00105000 08:04 2621459                    /lib/x86_64-linux-gnu/libm-2.19.so
7fb560960000-7fb560961000 r--p 00104000 08:04 2621459                    /lib/x86_64-linux-gnu/libm-2.19.so
7fb560961000-7fb560962000 rw-p 00105000 08:04 2621459                    /lib/x86_64-linux-gnu/libm-2.19.so
7fb560962000-7fb560a48000 r-xp 00000000 08:04 1179671                    /usr/lib/x86_64-linux-gnu/libstdc++.so.6.0.19
7fb560a48000-7fb560c47000 ---p 000e6000 08:04 1179671                    /usr/lib/x86_64-linux-gnu/libstdc++.so.6.0.19
7fb560c47000-7fb560c4f000 r--p 000e5000 08:04 1179671                    /usr/lib/x86_64-linux-gnu/libstdc++.so.6.0.19
7fb560c4f000-7fb560c51000 rw-p 000ed000 08:04 1179671                    /usr/lib/x86_64-linux-gnu/libstdc++.so.6.0.19
7fb560c51000-7fb560c66000 rw-p 00000000 00:00 0 
7fb560c66000-7fb561854000 r-xp 00000000 08:04 1193705                    /usr/lib/jvm/java-8-openjdk-amd64/jre/lib/amd64/server/libjvm.so
7fb561854000-7fb561a54000 ---p 00bee000 08:04 1193705                    /usr/lib/jvm/java-8-openjdk-amd64/jre/lib/amd64/server/libjvm.so
7fb561a54000-7fb561af2000 r--p 00bee000 08:04 1193705                    /usr/lib/jvm/java-8-openjdk-amd64/jre/lib/amd64/server/libjvm.so
7fb561af2000-7fb561b1b000 rw-p 00c8c000 08:04 1193705                    /usr/lib/jvm/java-8-openjdk-amd64/jre/lib/amd64/server/libjvm.so
7fb561b1b000-7fb561b4d000 rw-p 00000000 00:00 0 
7fb561b4d000-7fb561b66000 r-xp 00000000 08:04 2621532                    /lib/x86_64-linux-gnu/libpthread-2.19.so
7fb561b66000-7fb561d65000 ---p 00019000 08:04 2621532                    /lib/x86_64-linux-gnu/libpthread-2.19.so
7fb561d65000-7fb561d66000 r--p 00018000 08:04 2621532                    /lib/x86_64-linux-gnu/libpthread-2.19.so
7fb561d66000-7fb561d67000 rw-p 00019000 08:04 2621532                    /lib/x86_64-linux-gnu/libpthread-2.19.so
7fb561d67000-7fb561d6b000 rw-p 00000000 00:00 0 
7fb561d6b000-7fb561d6e000 r-xp 00000000 08:04 2621469                    /lib/x86_64-linux-gnu/libdl-2.19.so
7fb561d6e000-7fb561f6d000 ---p 00003000 08:04 2621469                    /lib/x86_64-linux-gnu/libdl-2.19.so
7fb561f6d000-7fb561f6e000 r--p 00002000 08:04 2621469                    /lib/x86_64-linux-gnu/libdl-2.19.so
7fb561f6e000-7fb561f6f000 rw-p 00003000 08:04 2621469                    /lib/x86_64-linux-gnu/libdl-2.19.so
7fb561f6f000-7fb561f87000 r-xp 00000000 08:04 2626170                    /lib/x86_64-linux-gnu/libz.so.1.2.8
7fb561f87000-7fb562186000 ---p 00018000 08:04 2626170                    /lib/x86_64-linux-gnu/libz.so.1.2.8
7fb562186000-7fb562187000 r--p 00017000 08:04 2626170                    /lib/x86_64-linux-gnu/libz.so.1.2.8
7fb562187000-7fb562188000 rw-p 00018000 08:04 2626170                    /lib/x86_64-linux-gnu/libz.so.1.2.8
7fb562188000-7fb562342000 r-xp 00000000 08:04 2621540                    /lib/x86_64-linux-gnu/libc-2.19.so
7fb562342000-7fb562542000 ---p 001ba000 08:04 2621540                    /lib/x86_64-linux-gnu/libc-2.19.so
7fb562542000-7fb562546000 r--p 001ba000 08:04 2621540                    /lib/x86_64-linux-gnu/libc-2.19.so
7fb562546000-7fb562548000 rw-p 001be000 08:04 2621540                    /lib/x86_64-linux-gnu/libc-2.19.so
7fb562548000-7fb56254d000 rw-p 00000000 00:00 0 
7fb56254d000-7fb56255a000 r-xp 00000000 08:04 1193721                    /usr/lib/jvm/java-8-openjdk-amd64/jre/lib/amd64/jli/libjli.so
7fb56255a000-7fb56275a000 ---p 0000d000 08:04 1193721                    /usr/lib/jvm/java-8-openjdk-amd64/jre/lib/amd64/jli/libjli.so
7fb56275a000-7fb56275b000 r--p 0000d000 08:04 1193721                    /usr/lib/jvm/java-8-openjdk-amd64/jre/lib/amd64/jli/libjli.so
7fb56275b000-7fb56275c000 rw-p 0000e000 08:04 1193721                    /usr/lib/jvm/java-8-openjdk-amd64/jre/lib/amd64/jli/libjli.so
7fb56275c000-7fb56277f000 r-xp 00000000 08:04 2621533                    /lib/x86_64-linux-gnu/ld-2.19.so
7fb56277f000-7fb562780000 r--s 00000000 08:04 1193748                    /usr/lib/jvm/java-8-openjdk-amd64/jre/lib/management-agent.jar
7fb562780000-7fb562783000 r--s 00015000 08:04 1193684                    /usr/lib/jvm/java-8-openjdk-amd64/jre/lib/jce.jar
7fb562783000-7fb562789000 r--s 0003a000 08:04 1193757                    /usr/lib/jvm/java-8-openjdk-amd64/jre/lib/ext/sunjce_provider.jar
7fb562789000-7fb56278a000 r--s 00008000 08:04 1193754                    /usr/lib/jvm/java-8-openjdk-amd64/jre/lib/ext/sunec.jar
7fb56278a000-7fb56278d000 r--s 0000f000 08:04 1193758                    /usr/lib/jvm/java-8-openjdk-amd64/jre/lib/ext/icedtea-sound.jar
7fb56278d000-7fb56278e000 r--s 00010000 08:04 1193756                    /usr/lib/jvm/java-8-openjdk-amd64/jre/lib/ext/zipfs.jar
7fb56278e000-7fb562859000 rw-p 00000000 00:00 0 
7fb562859000-7fb56285c000 ---p 00000000 00:00 0 
7fb56285c000-7fb56295f000 rw-p 00000000 00:00 0 
7fb56295f000-7fb562961000 r--s 00001000 08:04 1193752                    /usr/lib/jvm/java-8-openjdk-amd64/jre/lib/ext/dnsns.jar
7fb562961000-7fb562963000 r--s 00006000 08:04 1583732                    /usr/share/java/java-atk-wrapper.jar
7fb562963000-7fb562967000 r--s 00037000 08:04 1193760                    /usr/lib/jvm/java-8-openjdk-amd64/jre/lib/ext/sunpkcs11.jar
7fb562967000-7fb562968000 r--s 0000a000 08:04 1193755                    /usr/lib/jvm/java-8-openjdk-amd64/jre/lib/ext/jaccess.jar
7fb562968000-7fb562972000 r--s 00116000 08:04 1193759                    /usr/lib/jvm/java-8-openjdk-amd64/jre/lib/ext/localedata.jar
7fb562972000-7fb56297a000 rw-s 00000000 08:04 396467                     /tmp/hsperfdata_asakhare/17168
7fb56297a000-7fb56297b000 rw-p 00000000 00:00 0 
7fb56297b000-7fb56297c000 ---p 00000000 00:00 0 
7fb56297c000-7fb56297e000 rw-p 00000000 00:00 0 
7fb56297e000-7fb56297f000 r--p 00022000 08:04 2621533                    /lib/x86_64-linux-gnu/ld-2.19.so
7fb56297f000-7fb562980000 rw-p 00023000 08:04 2621533                    /lib/x86_64-linux-gnu/ld-2.19.so
7fb562980000-7fb562981000 rw-p 00000000 00:00 0 
7ffd6c16f000-7ffd6c192000 rw-p 00000000 00:00 0                          [stack]
7ffd6c1d7000-7ffd6c1d9000 r--p 00000000 00:00 0                          [vvar]
7ffd6c1d9000-7ffd6c1db000 r-xp 00000000 00:00 0                          [vdso]
ffffffffff600000-ffffffffff601000 r-xp 00000000 00:00 0                  [vsyscall]

VM Arguments:
jvm_args: -Didea.launcher.port=7532 -Didea.launcher.bin.path=/home/asakhare/Documents/idea-IC-162.1447.26/bin -Dfile.encoding=UTF-8 
java_command: com.intellij.rt.execution.application.AppMain com.supernova.Application
java_class_path (initial): /usr/lib/jvm/java-8-openjdk-amd64/jre/lib/charsets.jar:/usr/lib/jvm/java-8-openjdk-amd64/jre/lib/ext/cldrdata.jar:/usr/lib/jvm/java-8-openjdk-amd64/jre/lib/ext/dnsns.jar:/usr/lib/jvm/java-8-openjdk-amd64/jre/lib/ext/icedtea-sound.jar:/usr/lib/jvm/java-8-openjdk-amd64/jre/lib/ext/jaccess.jar:/usr/lib/jvm/java-8-openjdk-amd64/jre/lib/ext/java-atk-wrapper.jar:/usr/lib/jvm/java-8-openjdk-amd64/jre/lib/ext/localedata.jar:/usr/lib/jvm/java-8-openjdk-amd64/jre/lib/ext/nashorn.jar:/usr/lib/jvm/java-8-openjdk-amd64/jre/lib/ext/sunec.jar:/usr/lib/jvm/java-8-openjdk-amd64/jre/lib/ext/sunjce_provider.jar:/usr/lib/jvm/java-8-openjdk-amd64/jre/lib/ext/sunpkcs11.jar:/usr/lib/jvm/java-8-openjdk-amd64/jre/lib/ext/zipfs.jar:/usr/lib/jvm/java-8-openjdk-amd64/jre/lib/jce.jar:/usr/lib/jvm/java-8-openjdk-amd64/jre/lib/jsse.jar:/usr/lib/jvm/java-8-openjdk-amd64/jre/lib/management-agent.jar:/usr/lib/jvm/java-8-openjdk-amd64/jre/lib/resources.jar:/usr/lib/jvm/java-8-openjdk-amd64/jre/lib/rt.jar:/media/asakhare/4B923F014FDDD573/Study/tieto_hackerearth/tieto_hackerearth/platform-engine/target/classes:/home/asakhare/.m2/repository/org/springframework/boot/spring-boot-starter/1.4.3.RELEASE/spring-boot-starter-1.4.3.RELEASE.jar:/home/asakhare/.m2/repository/org/springframework/boot/spring-boot/1.4.3.RELEASE/spring-boot-1.4.3.RELEASE.jar:/home/asakhare/.m2/repository/org/springframework/spring-context/4.3.5.RELEASE/spring-context-4.3.5.RELEASE.jar:/home/asakhare/.m2/repository/org/springframework/boot/spring-boot-autoconfigure/1.4.3.RELEASE/spring-boot-autoconfigure-1.4.3.RELEASE.jar:/home/asakhare/.m2/repository/org/springframework/boot/spring-boot-starter-logging/1.4.3.RELEASE/spring-boot-starter-logging-1.4.3.RELEASE.jar:/home/asakhare/.m2/repository/ch/qos/logback/logback-classic/1.1.8/logback-classic-1.1.8.jar:/home/asakhare/.m2/repository/ch/qos/logback/logback-com.supernova.core/1.1.8/logback-com.supernova.core-1.1.8.jar:/home/asakhare/.m2/repository/org/slf4j/jcl-over-slf4j/1.7.22/jcl-ov
Launcher Type: SUN_STANDARD

Environment Variables:
PATH=/usr/local/heroku/bin:/home/asakhare/Documents/apache-maven-3.3.9/bin:/usr/local/sbin:/usr/local/bin:/usr/sbin:/usr/bin:/sbin:/bin:/usr/games:/usr/local/games
LD_LIBRARY_PATH=.:
SHELL=/bin/bash
DISPLAY=:0

Signal Handlers:
SIGSEGV: [libjvm.so+0x9f6230], sa_mask[0]=11111111011111111101111111111110, sa_flags=SA_RESTART|SA_SIGINFO
SIGBUS: [libjvm.so+0x9f6230], sa_mask[0]=11111111011111111101111111111110, sa_flags=SA_RESTART|SA_SIGINFO
SIGFPE: [libjvm.so+0x856c80], sa_mask[0]=11111111011111111101111111111110, sa_flags=SA_RESTART|SA_SIGINFO
SIGPIPE: [libjvm.so+0x856c80], sa_mask[0]=11111111011111111101111111111110, sa_flags=SA_RESTART|SA_SIGINFO
SIGXFSZ: [libjvm.so+0x856c80], sa_mask[0]=11111111011111111101111111111110, sa_flags=SA_RESTART|SA_SIGINFO
SIGILL: [libjvm.so+0x856c80], sa_mask[0]=11111111011111111101111111111110, sa_flags=SA_RESTART|SA_SIGINFO
SIGUSR1: SIG_DFL, sa_mask[0]=00000000000000000000000000000000, sa_flags=none
SIGUSR2: [libjvm.so+0x856b50], sa_mask[0]=00100000000000000000000000000000, sa_flags=SA_RESTART|SA_SIGINFO
SIGHUP: [libjvm.so+0x856d40], sa_mask[0]=11111111011111111101111111111110, sa_flags=SA_RESTART|SA_SIGINFO
SIGINT: [libjvm.so+0x856d40], sa_mask[0]=11111111011111111101111111111110, sa_flags=SA_RESTART|SA_SIGINFO
SIGTERM: [libjvm.so+0x856d40], sa_mask[0]=11111111011111111101111111111110, sa_flags=SA_RESTART|SA_SIGINFO
SIGQUIT: [libjvm.so+0x856d40], sa_mask[0]=11111111011111111101111111111110, sa_flags=SA_RESTART|SA_SIGINFO


---------------  S Y S T E M  ---------------

OS:DISTRIB_ID=Ubuntu
DISTRIB_RELEASE=14.04
DISTRIB_CODENAME=trusty
DISTRIB_DESCRIPTION="Ubuntu 14.04.5 LTS"

uname:Linux 4.2.0-42-generic #49~14.04.1-Ubuntu SMP Wed Jun 29 20:22:11 UTC 2016 x86_64
libc:glibc 2.19 NPTL 2.19 
rlimit: STACK 8192k, CORE 0k, NPROC 31451, NOFILE 4096, AS infinity
load average:63.58 31.93 12.76

/proc/meminfo:
MemTotal:        8073596 kB
MemFree:          314168 kB
MemAvailable:     330732 kB
Buffers:            5916 kB
Cached:           938036 kB
SwapCached:            0 kB
Active:          6564680 kB
Inactive:         858132 kB
Active(anon):    6550712 kB
Inactive(anon):   733068 kB
Active(file):      13968 kB
Inactive(file):   125064 kB
Unevictable:         480 kB
Mlocked:             480 kB
SwapTotal:             0 kB
SwapFree:              0 kB
Dirty:               376 kB
Writeback:             0 kB
AnonPages:       6479444 kB
Mapped:           545924 kB
Shmem:            804832 kB
Slab:             123020 kB
SReclaimable:      63020 kB
SUnreclaim:        60000 kB
KernelStack:       14400 kB
PageTables:       115412 kB
NFS_Unstable:          0 kB
Bounce:                0 kB
WritebackTmp:          0 kB
CommitLimit:     4036796 kB
Committed_AS:   16503092 kB
VmallocTotal:   34359738367 kB
VmallocUsed:      384620 kB
VmallocChunk:   34358947836 kB
HardwareCorrupted:     0 kB
AnonHugePages:   1073152 kB
CmaTotal:              0 kB
CmaFree:               0 kB
HugePages_Total:       0
HugePages_Free:        0
HugePages_Rsvd:        0
HugePages_Surp:        0
Hugepagesize:       2048 kB
DirectMap4k:      491712 kB
DirectMap2M:     7794688 kB
DirectMap1G:           0 kB


CPU:total 4 (2 cores per cpu, 2 threads per com.supernova.core) family 6 model 61 stepping 4, cmov, cx8, fxsr, mmx, sse, sse2, sse3, ssse3, sse4.1, sse4.2, popcnt, avx, avx2, aes, clmul, erms, 3dnowpref, lzcnt, ht, tsc, tscinvbit, bmi1, bmi2, adx

/proc/cpuinfo:
processor	: 0
vendor_id	: GenuineIntel
cpu family	: 6
model		: 61
model name	: Intel(R) Core(TM) i7-5500U CPU @ 2.40GHz
stepping	: 4
microcode	: 0x13
cpu MHz		: 2345.531
cache size	: 4096 KB
physical id	: 0
siblings	: 4
com.supernova.core id		: 0
cpu cores	: 2
apicid		: 0
initial apicid	: 0
fpu		: yes
fpu_exception	: yes
cpuid level	: 20
wp		: yes
flags		: fpu vme de pse tsc msr pae mce cx8 apic sep mtrr pge mca cmov pat pse36 clflush dts acpi mmx fxsr sse sse2 ss ht tm pbe syscall nx pdpe1gb rdtscp lm constant_tsc arch_perfmon pebs bts rep_good nopl xtopology nonstop_tsc aperfmperf eagerfpu pni pclmulqdq dtes64 monitor ds_cpl vmx est tm2 ssse3 fma cx16 xtpr pdcm pcid sse4_1 sse4_2 x2apic movbe popcnt tsc_deadline_timer aes xsave avx f16c rdrand lahf_lm abm 3dnowprefetch ida arat epb pln pts dtherm intel_pt tpr_shadow vnmi flexpriority ept vpid fsgsbase tsc_adjust bmi1 avx2 smep bmi2 erms invpcid rdseed adx smap xsaveopt
bugs		:
bogomips	: 4793.09
clflush size	: 64
cache_alignment	: 64
address sizes	: 39 bits physical, 48 bits virtual
power management:

processor	: 1
vendor_id	: GenuineIntel
cpu family	: 6
model		: 61
model name	: Intel(R) Core(TM) i7-5500U CPU @ 2.40GHz
stepping	: 4
microcode	: 0x13
cpu MHz		: 1364.437
cache size	: 4096 KB
physical id	: 0
siblings	: 4
com.supernova.core id		: 1
cpu cores	: 2
apicid		: 2
initial apicid	: 2
fpu		: yes
fpu_exception	: yes
cpuid level	: 20
wp		: yes
flags		: fpu vme de pse tsc msr pae mce cx8 apic sep mtrr pge mca cmov pat pse36 clflush dts acpi mmx fxsr sse sse2 ss ht tm pbe syscall nx pdpe1gb rdtscp lm constant_tsc arch_perfmon pebs bts rep_good nopl xtopology nonstop_tsc aperfmperf eagerfpu pni pclmulqdq dtes64 monitor ds_cpl vmx est tm2 ssse3 fma cx16 xtpr pdcm pcid sse4_1 sse4_2 x2apic movbe popcnt tsc_deadline_timer aes xsave avx f16c rdrand lahf_lm abm 3dnowprefetch ida arat epb pln pts dtherm intel_pt tpr_shadow vnmi flexpriority ept vpid fsgsbase tsc_adjust bmi1 avx2 smep bmi2 erms invpcid rdseed adx smap xsaveopt
bugs		:
bogomips	: 4793.09
clflush size	: 64
cache_alignment	: 64
address sizes	: 39 bits physical, 48 bits virtual
power management:

processor	: 2
vendor_id	: GenuineIntel
cpu family	: 6
model		: 61
model name	: Intel(R) Core(TM) i7-5500U CPU @ 2.40GHz
stepping	: 4
microcode	: 0x13
cpu MHz		: 1782.843
cache size	: 4096 KB
physical id	: 0
siblings	: 4
com.supernova.core id		: 0
cpu cores	: 2
apicid		: 1
initial apicid	: 1
fpu		: yes
fpu_exception	: yes
cpuid level	: 20
wp		: yes
flags		: fpu vme de pse tsc msr pae mce cx8 apic sep mtrr pge mca cmov pat pse36 clflush dts acpi mmx fxsr sse sse2 ss ht tm pbe syscall nx pdpe1gb rdtscp lm constant_tsc arch_perfmon pebs bts rep_good nopl xtopology nonstop_tsc aperfmperf eagerfpu pni pclmulqdq dtes64 monitor ds_cpl vmx est tm2 ssse3 fma cx16 xtpr pdcm pcid sse4_1 sse4_2 x2apic movbe popcnt tsc_deadline_timer aes xsave avx f16c rdrand lahf_lm abm 3dnowprefetch ida arat epb pln pts dtherm intel_pt tpr_shadow vnmi flexpriority ept vpid fsgsbase tsc_adjust bmi1 avx2 smep bmi2 erms invpcid rdseed adx smap xsaveopt
bugs		:
bogomips	: 4793.09
clflush size	: 64
cache_alignment	: 64
address sizes	: 39 bits physical, 48 bits virtual
power management:

processor	: 3
vendor_id	: GenuineIntel
cpu family	: 6
model		: 61
model name	: Intel(R) Core(TM) i7-5500U CPU @ 2.40GHz
stepping	: 4
microcode	: 0x13
cpu MHz		: 2775.468
cache size	: 4096 KB
physical id	: 0
siblings	: 4
com.supernova.core id		: 1
cpu cores	: 2
apicid		: 3
initial apicid	: 3
fpu		: yes
fpu_exception	: yes
cpuid level	: 20
wp		: yes
flags		: fpu vme de pse tsc msr pae mce cx8 apic sep mtrr pge mca cmov pat pse36 clflush dts acpi mmx fxsr sse sse2 ss ht tm pbe syscall nx pdpe1gb rdtscp lm constant_tsc arch_perfmon pebs bts rep_good nopl xtopology nonstop_tsc aperfmperf eagerfpu pni pclmulqdq dtes64 monitor ds_cpl vmx est tm2 ssse3 fma cx16 xtpr pdcm pcid sse4_1 sse4_2 x2apic movbe popcnt tsc_deadline_timer aes xsave avx f16c rdrand lahf_lm abm 3dnowprefetch ida arat epb pln pts dtherm intel_pt tpr_shadow vnmi flexpriority ept vpid fsgsbase tsc_adjust bmi1 avx2 smep bmi2 erms invpcid rdseed adx smap xsaveopt
bugs		:
bogomips	: 4793.09
clflush size	: 64
cache_alignment	: 64
address sizes	: 39 bits physical, 48 bits virtual
power management:



Memory: 4k page, physical 8073596k(314168k free), swap 0k(0k free)

vm_info: OpenJDK 64-Bit Server VM (25.91-b14) for linux-amd64 JRE (1.8.0_91-8u91-b14-0ubuntu4~14.04-b14), built on Apr 22 2016 12:27:31 by "buildd" with gcc 4.8.2

time: Tue Jan 10 20:19:01 2017
elapsed time: 226 seconds (0d 0h 3m 46s)

